[2019-04-27 12:31:37] local.WARNING: Custom Log2  
[2019-04-27 12:31:37] local.WARNING: Sdfdsf  
[2019-04-27 12:31:37] local.WARNING: dummy user.jpg  
[2019-04-27 12:31:37] local.WARNING: {"link":"assets \\ images \\ friola_images\/"}  
[2019-04-27 12:32:49] local.WARNING: Custom Log2  
[2019-04-27 12:32:49] local.WARNING: Sdfdsf  
[2019-04-27 12:32:49] local.WARNING: download (1).png  
[2019-04-27 12:32:49] local.WARNING: {"link":"assets \\ images \\ friola_images\/"}  
[2019-04-27 12:35:22] local.WARNING: Custom Log2  
[2019-04-27 12:35:22] local.WARNING: Sdfdsf  
[2019-04-27 12:35:22] local.WARNING: $_20_(8).jpg  
[2019-04-27 12:35:22] local.WARNING: {"link":"assets\/images\/friola_images\/$_20_(8).jpg"}  
[2019-04-27 12:35:45] local.ERROR: exception 'ErrorException' with message 'Argument 1 passed to App\Http\Controllers\AdminController::upload_friola_image() must be an instance of Illuminate\Http\Request, null given, called in C:\wamp64\www\mydocs\app\Http\Controllers\AdminController.php on line 36 and defined' in C:\wamp64\www\mydocs\app\Http\Controllers\AdminController.php:148
Stack trace:
#0 C:\wamp64\www\mydocs\app\Http\Controllers\AdminController.php(148): Illuminate\Foundation\Bootstrap\HandleExceptions->handleError(4096, 'Argument 1 pass...', 'C:\\wamp64\\www\\m...', 148, Array)
#1 C:\wamp64\www\mydocs\app\Http\Controllers\AdminController.php(36): App\Http\Controllers\AdminController->upload_friola_image(NULL, Object(Illuminate\Http\Request))
#2 [internal function]: App\Http\Controllers\AdminController->createPost(Object(Illuminate\Http\Request))
#3 C:\wamp64\www\mydocs\vendor\laravel\framework\src\Illuminate\Routing\Controller.php(55): call_user_func_array(Array, Array)
#4 C:\wamp64\www\mydocs\vendor\laravel\framework\src\Illuminate\Routing\ControllerDispatcher.php(44): Illuminate\Routing\Controller->callAction('createPost', Array)
#5 C:\wamp64\www\mydocs\vendor\laravel\framework\src\Illuminate\Routing\Route.php(204): Illuminate\Routing\ControllerDispatcher->dispatch(Object(Illuminate\Routing\Route), Object(App\Http\Controllers\AdminController), 'createPost')
#6 C:\wamp64\www\mydocs\vendor\laravel\framework\src\Illuminate\Routing\Route.php(160): Illuminate\Routing\Route->runController()
#7 C:\wamp64\www\mydocs\vendor\laravel\framework\src\Illuminate\Routing\Router.php(572): Illuminate\Routing\Route->run()
#8 C:\wamp64\www\mydocs\vendor\laravel\framework\src\Illuminate\Routing\Pipeline.php(30): Illuminate\Routing\Router->Illuminate\Routing\{closure}(Object(Illuminate\Http\Request))
#9 C:\wamp64\www\mydocs\app\Http\Middleware\Admin.php(30): Illuminate\Routing\Pipeline->Illuminate\Routing\{closure}(Object(Illuminate\Http\Request))
#10 C:\wamp64\www\mydocs\vendor\laravel\framework\src\Illuminate\Pipeline\Pipeline.php(148): App\Http\Middleware\Admin->handle(Object(Illuminate\Http\Request), Object(Closure))
#11 C:\wamp64\www\mydocs\vendor\laravel\framework\src\Illuminate\Routing\Pipeline.php(53): Illuminate\Pipeline\Pipeline->Illuminate\Pipeline\{closure}(Object(Illuminate\Http\Request))
#12 C:\wamp64\www\mydocs\vendor\laravel\framework\src\Illuminate\Routing\Middleware\SubstituteBindings.php(41): Illuminate\Routing\Pipeline->Illuminate\Routing\{closure}(Object(Illuminate\Http\Request))
#13 C:\wamp64\www\mydocs\vendor\laravel\framework\src\Illuminate\Pipeline\Pipeline.php(148): Illuminate\Routing\Middleware\SubstituteBindings->handle(Object(Illuminate\Http\Request), Object(Closure))
#14 C:\wamp64\www\mydocs\vendor\laravel\framework\src\Illuminate\Routing\Pipeline.php(53): Illuminate\Pipeline\Pipeline->Illuminate\Pipeline\{closure}(Object(Illuminate\Http\Request))
#15 C:\wamp64\www\mydocs\vendor\laravel\framework\src\Illuminate\Foundation\Http\Middleware\VerifyCsrfToken.php(65): Illuminate\Routing\Pipeline->Illuminate\Routing\{closure}(Object(Illuminate\Http\Request))
#16 C:\wamp64\www\mydocs\vendor\laravel\framework\src\Illuminate\Pipeline\Pipeline.php(148): Illuminate\Foundation\Http\Middleware\VerifyCsrfToken->handle(Object(Illuminate\Http\Request), Object(Closure))
#17 C:\wamp64\www\mydocs\vendor\laravel\framework\src\Illuminate\Routing\Pipeline.php(53): Illuminate\Pipeline\Pipeline->Illuminate\Pipeline\{closure}(Object(Illuminate\Http\Request))
#18 C:\wamp64\www\mydocs\vendor\laravel\framework\src\Illuminate\View\Middleware\ShareErrorsFromSession.php(49): Illuminate\Routing\Pipeline->Illuminate\Routing\{closure}(Object(Illuminate\Http\Request))
#19 C:\wamp64\www\mydocs\vendor\laravel\framework\src\Illuminate\Pipeline\Pipeline.php(148): Illuminate\View\Middleware\ShareErrorsFromSession->handle(Object(Illuminate\Http\Request), Object(Closure))
#20 C:\wamp64\www\mydocs\vendor\laravel\framework\src\Illuminate\Routing\Pipeline.php(53): Illuminate\Pipeline\Pipeline->Illuminate\Pipeline\{closure}(Object(Illuminate\Http\Request))
#21 C:\wamp64\www\mydocs\vendor\laravel\framework\src\Illuminate\Session\Middleware\StartSession.php(64): Illuminate\Routing\Pipeline->Illuminate\Routing\{closure}(Object(Illuminate\Http\Request))
#22 C:\wamp64\www\mydocs\vendor\laravel\framework\src\Illuminate\Pipeline\Pipeline.php(148): Illuminate\Session\Middleware\StartSession->handle(Object(Illuminate\Http\Request), Object(Closure))
#23 C:\wamp64\www\mydocs\vendor\laravel\framework\src\Illuminate\Routing\Pipeline.php(53): Illuminate\Pipeline\Pipeline->Illuminate\Pipeline\{closure}(Object(Illuminate\Http\Request))
#24 C:\wamp64\www\mydocs\vendor\laravel\framework\src\Illuminate\Cookie\Middleware\AddQueuedCookiesToResponse.php(37): Illuminate\Routing\Pipeline->Illuminate\Routing\{closure}(Object(Illuminate\Http\Request))
#25 C:\wamp64\www\mydocs\vendor\laravel\framework\src\Illuminate\Pipeline\Pipeline.php(148): Illuminate\Cookie\Middleware\AddQueuedCookiesToResponse->handle(Object(Illuminate\Http\Request), Object(Closure))
#26 C:\wamp64\www\mydocs\vendor\laravel\framework\src\Illuminate\Routing\Pipeline.php(53): Illuminate\Pipeline\Pipeline->Illuminate\Pipeline\{closure}(Object(Illuminate\Http\Request))
#27 C:\wamp64\www\mydocs\vendor\laravel\framework\src\Illuminate\Cookie\Middleware\EncryptCookies.php(59): Illuminate\Routing\Pipeline->Illuminate\Routing\{closure}(Object(Illuminate\Http\Request))
#28 C:\wamp64\www\mydocs\vendor\laravel\framework\src\Illuminate\Pipeline\Pipeline.php(148): Illuminate\Cookie\Middleware\EncryptCookies->handle(Object(Illuminate\Http\Request), Object(Closure))
#29 C:\wamp64\www\mydocs\vendor\laravel\framework\src\Illuminate\Routing\Pipeline.php(53): Illuminate\Pipeline\Pipeline->Illuminate\Pipeline\{closure}(Object(Illuminate\Http\Request))
#30 C:\wamp64\www\mydocs\vendor\laravel\framework\src\Illuminate\Pipeline\Pipeline.php(102): Illuminate\Routing\Pipeline->Illuminate\Routing\{closure}(Object(Illuminate\Http\Request))
#31 C:\wamp64\www\mydocs\vendor\laravel\framework\src\Illuminate\Routing\Router.php(574): Illuminate\Pipeline\Pipeline->then(Object(Closure))
#32 C:\wamp64\www\mydocs\vendor\laravel\framework\src\Illuminate\Routing\Router.php(533): Illuminate\Routing\Router->runRouteWithinStack(Object(Illuminate\Routing\Route), Object(Illuminate\Http\Request))
#33 C:\wamp64\www\mydocs\vendor\laravel\framework\src\Illuminate\Routing\Router.php(511): Illuminate\Routing\Router->dispatchToRoute(Object(Illuminate\Http\Request))
#34 C:\wamp64\www\mydocs\vendor\laravel\framework\src\Illuminate\Foundation\Http\Kernel.php(176): Illuminate\Routing\Router->dispatch(Object(Illuminate\Http\Request))
#35 C:\wamp64\www\mydocs\vendor\laravel\framework\src\Illuminate\Routing\Pipeline.php(30): Illuminate\Foundation\Http\Kernel->Illuminate\Foundation\Http\{closure}(Object(Illuminate\Http\Request))
#36 C:\wamp64\www\mydocs\vendor\laravel\framework\src\Illuminate\Foundation\Http\Middleware\TransformsRequest.php(30): Illuminate\Routing\Pipeline->Illuminate\Routing\{closure}(Object(Illuminate\Http\Request))
#37 C:\wamp64\www\mydocs\vendor\laravel\framework\src\Illuminate\Pipeline\Pipeline.php(148): Illuminate\Foundation\Http\Middleware\TransformsRequest->handle(Object(Illuminate\Http\Request), Object(Closure))
#38 C:\wamp64\www\mydocs\vendor\laravel\framework\src\Illuminate\Routing\Pipeline.php(53): Illuminate\Pipeline\Pipeline->Illuminate\Pipeline\{closure}(Object(Illuminate\Http\Request))
#39 C:\wamp64\www\mydocs\vendor\laravel\framework\src\Illuminate\Foundation\Http\Middleware\TransformsRequest.php(30): Illuminate\Routing\Pipeline->Illuminate\Routing\{closure}(Object(Illuminate\Http\Request))
#40 C:\wamp64\www\mydocs\vendor\laravel\framework\src\Illuminate\Pipeline\Pipeline.php(148): Illuminate\Foundation\Http\Middleware\TransformsRequest->handle(Object(Illuminate\Http\Request), Object(Closure))
#41 C:\wamp64\www\mydocs\vendor\laravel\framework\src\Illuminate\Routing\Pipeline.php(53): Illuminate\Pipeline\Pipeline->Illuminate\Pipeline\{closure}(Object(Illuminate\Http\Request))
#42 C:\wamp64\www\mydocs\vendor\laravel\framework\src\Illuminate\Foundation\Http\Middleware\ValidatePostSize.php(27): Illuminate\Routing\Pipeline->Illuminate\Routing\{closure}(Object(Illuminate\Http\Request))
#43 C:\wamp64\www\mydocs\vendor\laravel\framework\src\Illuminate\Pipeline\Pipeline.php(148): Illuminate\Foundation\Http\Middleware\ValidatePostSize->handle(Object(Illuminate\Http\Request), Object(Closure))
#44 C:\wamp64\www\mydocs\vendor\laravel\framework\src\Illuminate\Routing\Pipeline.php(53): Illuminate\Pipeline\Pipeline->Illuminate\Pipeline\{closure}(Object(Illuminate\Http\Request))
#45 C:\wamp64\www\mydocs\vendor\laravel\framework\src\Illuminate\Foundation\Http\Middleware\CheckForMaintenanceMode.php(46): Illuminate\Routing\Pipeline->Illuminate\Routing\{closure}(Object(Illuminate\Http\Request))
#46 C:\wamp64\www\mydocs\vendor\laravel\framework\src\Illuminate\Pipeline\Pipeline.php(148): Illuminate\Foundation\Http\Middleware\CheckForMaintenanceMode->handle(Object(Illuminate\Http\Request), Object(Closure))
#47 C:\wamp64\www\mydocs\vendor\laravel\framework\src\Illuminate\Routing\Pipeline.php(53): Illuminate\Pipeline\Pipeline->Illuminate\Pipeline\{closure}(Object(Illuminate\Http\Request))
#48 C:\wamp64\www\mydocs\vendor\laravel\framework\src\Illuminate\Pipeline\Pipeline.php(102): Illuminate\Routing\Pipeline->Illuminate\Routing\{closure}(Object(Illuminate\Http\Request))
#49 C:\wamp64\www\mydocs\vendor\laravel\framework\src\Illuminate\Foundation\Http\Kernel.php(151): Illuminate\Pipeline\Pipeline->then(Object(Closure))
#50 C:\wamp64\www\mydocs\vendor\laravel\framework\src\Illuminate\Foundation\Http\Kernel.php(116): Illuminate\Foundation\Http\Kernel->sendRequestThroughRouter(Object(Illuminate\Http\Request))
#51 C:\wamp64\www\mydocs\public\index.php(54): Illuminate\Foundation\Http\Kernel->handle(Object(Illuminate\Http\Request))
#52 C:\wamp64\www\mydocs\server.php(21): require_once('C:\\wamp64\\www\\m...')
#53 {main}  
[2019-04-27 12:41:26] local.WARNING: Custom Log2  
[2019-04-27 12:41:26] local.WARNING: Sdfdsf  
[2019-04-27 12:41:26] local.WARNING: 13407270_278545525830153_8474588513801983156_n.jpg  
[2019-04-27 12:41:26] local.WARNING: {"link":"assets\/images\/friola_images\/13407270_278545525830153_8474588513801983156_n.jpg"}  
[2019-04-27 12:41:52] local.WARNING: Custom Log2  
[2019-04-27 12:41:52] local.WARNING: Sdfdsf  
[2019-04-27 12:41:52] local.WARNING: $_20_(3).jpg  
[2019-04-27 12:41:52] local.WARNING: {"link":"assets\/images\/friola_images\/$_20_(3).jpg"}  
[2019-04-27 12:50:16] local.ERROR: exception 'Symfony\Component\Debug\Exception\FatalErrorException' with message 'syntax error, unexpected '}'' in C:\wamp64\www\mydocs\app\Http\Controllers\AdminController.php:172
Stack trace:
#0 {main}  
[2019-04-27 13:02:54] local.WARNING: Custom Log2  
[2019-04-27 13:03:31] local.WARNING: Custom Log2  
[2019-04-27 13:50:09] local.WARNING: Custom Log2  
[2019-04-27 13:50:09] local.WARNING: Sdfdsf  
[2019-04-27 13:50:09] local.WARNING: download.png  
[2019-04-27 13:50:09] local.WARNING: {"link":"assets\/images\/friola_images\/download.png"}  
[2019-04-27 13:53:09] local.WARNING: Custom Log2  
[2019-04-27 13:53:09] local.WARNING: Sdfdsf  
[2019-04-27 13:53:09] local.WARNING: Faf+de+Klerk+d1wQw2zx23Bm.jpg  
[2019-04-27 13:53:09] local.WARNING: {"link":"assets\/images\/friola_images\/Faf+de+Klerk+d1wQw2zx23Bm.jpg"}  
[2019-04-27 13:53:42] local.WARNING: Custom Log2  
[2019-04-27 13:53:42] local.WARNING: Sdfdsf  
[2019-04-27 13:53:42] local.WARNING: ladies-bum-short.jpg  
[2019-04-27 13:53:42] local.WARNING: {"link":"assets\/images\/friola_images\/ladies-bum-short.jpg"}  
[2019-04-27 14:24:46] local.WARNING: Custom Log2  
[2019-04-27 14:24:46] local.WARNING: Sdfdsf  
[2019-04-27 14:24:46] local.WARNING: rugby.jpg  
[2019-04-27 14:24:46] local.WARNING: {"link":"assets\/images\/friola_images\/rugby.jpg"}  
[2019-04-27 14:26:31] local.WARNING: Custom Log2  
[2019-04-27 14:26:31] local.WARNING: Sdfdsf  
[2019-04-27 14:26:31] local.WARNING: 16997936_1851658781713517_6808011624655817247_n.jpg  
[2019-04-27 14:26:31] local.WARNING: {"link":"assets\/images\/friola_images\/16997936_1851658781713517_6808011624655817247_n.jpg"}  
[2019-04-27 14:33:04] local.WARNING: Custom Log2  
[2019-04-27 14:33:04] local.WARNING: Sdfdsf  
[2019-04-27 14:33:04] local.WARNING: 47236709_2232467920345011_6899693364195622912_n.jpg  
[2019-04-27 14:33:04] local.WARNING: {"link":"assets\/images\/friola_images\/47236709_2232467920345011_6899693364195622912_n.jpg"}  
